[Wed Nov 09 14:32:12 SGT 2011] start ProfileRegion2 ... 
nRegions = 170
After reading region information
[Wed Nov 09 14:32:15 SGT 2011] 1M lines read from ../uniquereads/check/newpauline_peak/CHB115.tags.unique to generate profile
[Wed Nov 09 14:32:17 SGT 2011] 2M lines read from ../uniquereads/check/newpauline_peak/CHB115.tags.unique to generate profile
[Wed Nov 09 14:32:20 SGT 2011] 3M lines read from ../uniquereads/check/newpauline_peak/CHB115.tags.unique to generate profile
[Wed Nov 09 14:32:22 SGT 2011] 4M lines read from ../uniquereads/check/newpauline_peak/CHB115.tags.unique to generate profile
[Wed Nov 09 14:32:24 SGT 2011] 5M lines read from ../uniquereads/check/newpauline_peak/CHB115.tags.unique to generate profile
[Wed Nov 09 14:32:26 SGT 2011] 6M lines read from ../uniquereads/check/newpauline_peak/CHB115.tags.unique to generate profile
[Wed Nov 09 14:32:28 SGT 2011] 7M lines read from ../uniquereads/check/newpauline_peak/CHB115.tags.unique to generate profile
[Wed Nov 09 14:32:30 SGT 2011] 8M lines read from ../uniquereads/check/newpauline_peak/CHB115.tags.unique to generate profile
[Wed Nov 09 14:32:32 SGT 2011] 9M lines read from ../uniquereads/check/newpauline_peak/CHB115.tags.unique to generate profile
[Wed Nov 09 14:32:35 SGT 2011] 10M lines read from ../uniquereads/check/newpauline_peak/CHB115.tags.unique to generate profile
[Wed Nov 09 14:32:37 SGT 2011] 11M lines read from ../uniquereads/check/newpauline_peak/CHB115.tags.unique to generate profile
[Wed Nov 09 14:32:39 SGT 2011] 12M lines read from ../uniquereads/check/newpauline_peak/CHB115.tags.unique to generate profile
[Wed Nov 09 14:32:42 SGT 2011] 13M lines read from ../uniquereads/check/newpauline_peak/CHB115.tags.unique to generate profile
[Wed Nov 09 14:32:44 SGT 2011] 14M lines read from ../uniquereads/check/newpauline_peak/CHB115.tags.unique to generate profile
[Wed Nov 09 14:32:46 SGT 2011] 15M lines read from ../uniquereads/check/newpauline_peak/CHB115.tags.unique to generate profile
[Wed Nov 09 14:32:48 SGT 2011] 16M lines read from ../uniquereads/check/newpauline_peak/CHB115.tags.unique to generate profile
[Wed Nov 09 14:32:50 SGT 2011] 17M lines read from ../uniquereads/check/newpauline_peak/CHB115.tags.unique to generate profile
[Wed Nov 09 14:32:52 SGT 2011] 18M lines read from ../uniquereads/check/newpauline_peak/CHB115.tags.unique to generate profile
[Wed Nov 09 14:32:54 SGT 2011] 19M lines read from ../uniquereads/check/newpauline_peak/CHB115.tags.unique to generate profile
[Wed Nov 09 14:32:57 SGT 2011] 20M lines read from ../uniquereads/check/newpauline_peak/CHB115.tags.unique to generate profile
[Wed Nov 09 14:32:59 SGT 2011] 21M lines read from ../uniquereads/check/newpauline_peak/CHB115.tags.unique to generate profile
[Wed Nov 09 14:33:01 SGT 2011] 22M lines read from ../uniquereads/check/newpauline_peak/CHB115.tags.unique to generate profile
[Wed Nov 09 14:33:03 SGT 2011] 23M lines read from ../uniquereads/check/newpauline_peak/CHB115.tags.unique to generate profile
[Wed Nov 09 14:33:05 SGT 2011] 24M lines read from ../uniquereads/check/newpauline_peak/CHB115.tags.unique to generate profile
[Wed Nov 09 14:33:08 SGT 2011] 25M lines read from ../uniquereads/check/newpauline_peak/CHB115.tags.unique to generate profile
[Wed Nov 09 14:33:10 SGT 2011] 26M lines read from ../uniquereads/check/newpauline_peak/CHB115.tags.unique to generate profile
[Wed Nov 09 14:33:12 SGT 2011] 27M lines read from ../uniquereads/check/newpauline_peak/CHB115.tags.unique to generate profile
[Wed Nov 09 14:33:14 SGT 2011] 28M lines read from ../uniquereads/check/newpauline_peak/CHB115.tags.unique to generate profile
[Wed Nov 09 14:33:16 SGT 2011] 29M lines read from ../uniquereads/check/newpauline_peak/CHB115.tags.unique to generate profile
[Wed Nov 09 14:33:18 SGT 2011] 29.769084M lines read from ../uniquereads/check/newpauline_peak/CHB115.tags.unique to generate profile
[Wed Nov 09 14:33:18 SGT 2011] start ProfileRegion2 ... 
nRegions = 170
After reading region information
[Wed Nov 09 14:33:21 SGT 2011] 1M lines read from ../uniquereads/check/newpauline_peak/CHB114.tags.unique to generate profile
[Wed Nov 09 14:33:23 SGT 2011] 2M lines read from ../uniquereads/check/newpauline_peak/CHB114.tags.unique to generate profile
[Wed Nov 09 14:33:26 SGT 2011] 3M lines read from ../uniquereads/check/newpauline_peak/CHB114.tags.unique to generate profile
[Wed Nov 09 14:33:28 SGT 2011] 4M lines read from ../uniquereads/check/newpauline_peak/CHB114.tags.unique to generate profile
[Wed Nov 09 14:33:30 SGT 2011] 5M lines read from ../uniquereads/check/newpauline_peak/CHB114.tags.unique to generate profile
[Wed Nov 09 14:33:32 SGT 2011] 6M lines read from ../uniquereads/check/newpauline_peak/CHB114.tags.unique to generate profile
[Wed Nov 09 14:33:35 SGT 2011] 7M lines read from ../uniquereads/check/newpauline_peak/CHB114.tags.unique to generate profile
[Wed Nov 09 14:33:37 SGT 2011] 8M lines read from ../uniquereads/check/newpauline_peak/CHB114.tags.unique to generate profile
[Wed Nov 09 14:33:39 SGT 2011] 9M lines read from ../uniquereads/check/newpauline_peak/CHB114.tags.unique to generate profile
[Wed Nov 09 14:33:41 SGT 2011] 10M lines read from ../uniquereads/check/newpauline_peak/CHB114.tags.unique to generate profile
[Wed Nov 09 14:33:43 SGT 2011] 11M lines read from ../uniquereads/check/newpauline_peak/CHB114.tags.unique to generate profile
[Wed Nov 09 14:33:45 SGT 2011] 12M lines read from ../uniquereads/check/newpauline_peak/CHB114.tags.unique to generate profile
[Wed Nov 09 14:33:47 SGT 2011] 13M lines read from ../uniquereads/check/newpauline_peak/CHB114.tags.unique to generate profile
[Wed Nov 09 14:33:49 SGT 2011] 14M lines read from ../uniquereads/check/newpauline_peak/CHB114.tags.unique to generate profile
[Wed Nov 09 14:33:52 SGT 2011] 15M lines read from ../uniquereads/check/newpauline_peak/CHB114.tags.unique to generate profile
[Wed Nov 09 14:33:54 SGT 2011] 16M lines read from ../uniquereads/check/newpauline_peak/CHB114.tags.unique to generate profile
[Wed Nov 09 14:33:56 SGT 2011] 17M lines read from ../uniquereads/check/newpauline_peak/CHB114.tags.unique to generate profile
[Wed Nov 09 14:33:58 SGT 2011] 18M lines read from ../uniquereads/check/newpauline_peak/CHB114.tags.unique to generate profile
[Wed Nov 09 14:34:01 SGT 2011] 19M lines read from ../uniquereads/check/newpauline_peak/CHB114.tags.unique to generate profile
[Wed Nov 09 14:34:03 SGT 2011] 20M lines read from ../uniquereads/check/newpauline_peak/CHB114.tags.unique to generate profile
[Wed Nov 09 14:34:05 SGT 2011] 21M lines read from ../uniquereads/check/newpauline_peak/CHB114.tags.unique to generate profile
[Wed Nov 09 14:34:07 SGT 2011] 22M lines read from ../uniquereads/check/newpauline_peak/CHB114.tags.unique to generate profile
[Wed Nov 09 14:34:09 SGT 2011] 23M lines read from ../uniquereads/check/newpauline_peak/CHB114.tags.unique to generate profile
[Wed Nov 09 14:34:11 SGT 2011] 24M lines read from ../uniquereads/check/newpauline_peak/CHB114.tags.unique to generate profile
[Wed Nov 09 14:34:13 SGT 2011] 25M lines read from ../uniquereads/check/newpauline_peak/CHB114.tags.unique to generate profile
[Wed Nov 09 14:34:16 SGT 2011] 26M lines read from ../uniquereads/check/newpauline_peak/CHB114.tags.unique to generate profile
[Wed Nov 09 14:34:18 SGT 2011] 27M lines read from ../uniquereads/check/newpauline_peak/CHB114.tags.unique to generate profile
[Wed Nov 09 14:34:20 SGT 2011] 28M lines read from ../uniquereads/check/newpauline_peak/CHB114.tags.unique to generate profile
[Wed Nov 09 14:34:22 SGT 2011] 29M lines read from ../uniquereads/check/newpauline_peak/CHB114.tags.unique to generate profile
[Wed Nov 09 14:34:24 SGT 2011] 30M lines read from ../uniquereads/check/newpauline_peak/CHB114.tags.unique to generate profile
[Wed Nov 09 14:34:27 SGT 2011] 31M lines read from ../uniquereads/check/newpauline_peak/CHB114.tags.unique to generate profile
[Wed Nov 09 14:34:29 SGT 2011] 32M lines read from ../uniquereads/check/newpauline_peak/CHB114.tags.unique to generate profile
[Wed Nov 09 14:34:31 SGT 2011] 33M lines read from ../uniquereads/check/newpauline_peak/CHB114.tags.unique to generate profile
[Wed Nov 09 14:34:33 SGT 2011] 34M lines read from ../uniquereads/check/newpauline_peak/CHB114.tags.unique to generate profile
[Wed Nov 09 14:34:35 SGT 2011] 35M lines read from ../uniquereads/check/newpauline_peak/CHB114.tags.unique to generate profile
[Wed Nov 09 14:34:37 SGT 2011] 36M lines read from ../uniquereads/check/newpauline_peak/CHB114.tags.unique to generate profile
[Wed Nov 09 14:34:39 SGT 2011] 37M lines read from ../uniquereads/check/newpauline_peak/CHB114.tags.unique to generate profile
[Wed Nov 09 14:34:39 SGT 2011] 37.161786M lines read from ../uniquereads/check/newpauline_peak/CHB114.tags.unique to generate profile
[Wed Nov 09 14:34:40 SGT 2011] start ProfileRegion2 ... 
nRegions = 170
After reading region information
[Wed Nov 09 14:34:43 SGT 2011] 1M lines read from ../uniquereads/check/newpauline_peak/CHB113.tags.unique to generate profile
[Wed Nov 09 14:34:45 SGT 2011] 2M lines read from ../uniquereads/check/newpauline_peak/CHB113.tags.unique to generate profile
[Wed Nov 09 14:34:47 SGT 2011] 3M lines read from ../uniquereads/check/newpauline_peak/CHB113.tags.unique to generate profile
[Wed Nov 09 14:34:49 SGT 2011] 4M lines read from ../uniquereads/check/newpauline_peak/CHB113.tags.unique to generate profile
[Wed Nov 09 14:34:52 SGT 2011] 5M lines read from ../uniquereads/check/newpauline_peak/CHB113.tags.unique to generate profile
[Wed Nov 09 14:34:54 SGT 2011] 6M lines read from ../uniquereads/check/newpauline_peak/CHB113.tags.unique to generate profile
[Wed Nov 09 14:34:56 SGT 2011] 7M lines read from ../uniquereads/check/newpauline_peak/CHB113.tags.unique to generate profile
[Wed Nov 09 14:34:58 SGT 2011] 8M lines read from ../uniquereads/check/newpauline_peak/CHB113.tags.unique to generate profile
[Wed Nov 09 14:35:00 SGT 2011] 9M lines read from ../uniquereads/check/newpauline_peak/CHB113.tags.unique to generate profile
[Wed Nov 09 14:35:02 SGT 2011] 10M lines read from ../uniquereads/check/newpauline_peak/CHB113.tags.unique to generate profile
[Wed Nov 09 14:35:05 SGT 2011] 11M lines read from ../uniquereads/check/newpauline_peak/CHB113.tags.unique to generate profile
[Wed Nov 09 14:35:07 SGT 2011] 12M lines read from ../uniquereads/check/newpauline_peak/CHB113.tags.unique to generate profile
[Wed Nov 09 14:35:09 SGT 2011] 13M lines read from ../uniquereads/check/newpauline_peak/CHB113.tags.unique to generate profile
[Wed Nov 09 14:35:11 SGT 2011] 14M lines read from ../uniquereads/check/newpauline_peak/CHB113.tags.unique to generate profile
[Wed Nov 09 14:35:13 SGT 2011] 15M lines read from ../uniquereads/check/newpauline_peak/CHB113.tags.unique to generate profile
[Wed Nov 09 14:35:15 SGT 2011] 16M lines read from ../uniquereads/check/newpauline_peak/CHB113.tags.unique to generate profile
[Wed Nov 09 14:35:17 SGT 2011] 17M lines read from ../uniquereads/check/newpauline_peak/CHB113.tags.unique to generate profile
[Wed Nov 09 14:35:20 SGT 2011] 18M lines read from ../uniquereads/check/newpauline_peak/CHB113.tags.unique to generate profile
[Wed Nov 09 14:35:22 SGT 2011] 19M lines read from ../uniquereads/check/newpauline_peak/CHB113.tags.unique to generate profile
[Wed Nov 09 14:35:24 SGT 2011] 20M lines read from ../uniquereads/check/newpauline_peak/CHB113.tags.unique to generate profile
[Wed Nov 09 14:35:27 SGT 2011] 21M lines read from ../uniquereads/check/newpauline_peak/CHB113.tags.unique to generate profile
[Wed Nov 09 14:35:28 SGT 2011] 22M lines read from ../uniquereads/check/newpauline_peak/CHB113.tags.unique to generate profile
[Wed Nov 09 14:35:30 SGT 2011] 22.732086M lines read from ../uniquereads/check/newpauline_peak/CHB113.tags.unique to generate profile
